<?xml version="1.0" encoding="UTF-8"?>
<testsuite xmlns:xsi="http://www.w3.org/2001/XMLSchema-instance" xsi:noNamespaceSchemaLocation="https://maven.apache.org/surefire/maven-surefire-plugin/xsd/surefire-test-report-3.0.xsd" version="3.0" name="com.udacity.catpoint.security.SecurityServiceTest" time="1.176" tests="20" errors="0" skipped="0" failures="0">
  <properties>
    <property name="java.specification.version" value="17"/>
    <property name="sun.cpu.isalist" value="amd64"/>
    <property name="sun.jnu.encoding" value="Cp1252"/>
    <property name="java.class.path" value="D:\udacity\cd0384-java-application-deployment-projectstarter-master\starter_ok\catpoint-parent\security\target\test-classes;C:\Users\ACER\.m2\repository\com\miglayout\miglayout-core\5.0\miglayout-core-5.0.jar;C:\Users\ACER\.m2\repository\software\amazon\awssdk\s3\2.25.1\s3-2.25.1.jar;C:\Users\ACER\.m2\repository\software\amazon\awssdk\aws-xml-protocol\2.25.1\aws-xml-protocol-2.25.1.jar;C:\Users\ACER\.m2\repository\software\amazon\awssdk\aws-query-protocol\2.25.1\aws-query-protocol-2.25.1.jar;C:\Users\ACER\.m2\repository\software\amazon\awssdk\protocol-core\2.25.1\protocol-core-2.25.1.jar;C:\Users\ACER\.m2\repository\software\amazon\awssdk\arns\2.25.1\arns-2.25.1.jar;C:\Users\ACER\.m2\repository\software\amazon\awssdk\profiles\2.25.1\profiles-2.25.1.jar;C:\Users\ACER\.m2\repository\software\amazon\awssdk\crt-core\2.25.1\crt-core-2.25.1.jar;C:\Users\ACER\.m2\repository\software\amazon\awssdk\http-auth\2.25.1\http-auth-2.25.1.jar;C:\Users\ACER\.m2\repository\software\amazon\awssdk\identity-spi\2.25.1\identity-spi-2.25.1.jar;C:\Users\ACER\.m2\repository\software\amazon\awssdk\http-auth-spi\2.25.1\http-auth-spi-2.25.1.jar;C:\Users\ACER\.m2\repository\org\reactivestreams\reactive-streams\1.0.4\reactive-streams-1.0.4.jar;C:\Users\ACER\.m2\repository\software\amazon\awssdk\http-auth-aws\2.25.1\http-auth-aws-2.25.1.jar;C:\Users\ACER\.m2\repository\software\amazon\awssdk\checksums\2.25.1\checksums-2.25.1.jar;C:\Users\ACER\.m2\repository\software\amazon\awssdk\checksums-spi\2.25.1\checksums-spi-2.25.1.jar;C:\Users\ACER\.m2\repository\software\amazon\awssdk\http-client-spi\2.25.1\http-client-spi-2.25.1.jar;C:\Users\ACER\.m2\repository\software\amazon\awssdk\annotations\2.25.1\annotations-2.25.1.jar;C:\Users\ACER\.m2\repository\software\amazon\awssdk\utils\2.25.1\utils-2.25.1.jar;C:\Users\ACER\.m2\repository\software\amazon\awssdk\aws-core\2.25.1\aws-core-2.25.1.jar;C:\Users\ACER\.m2\repository\software\amazon\awssdk\metrics-spi\2.25.1\metrics-spi-2.25.1.jar;C:\Users\ACER\.m2\repository\software\amazon\awssdk\json-utils\2.25.1\json-utils-2.25.1.jar;C:\Users\ACER\.m2\repository\software\amazon\awssdk\third-party-jackson-core\2.25.1\third-party-jackson-core-2.25.1.jar;C:\Users\ACER\.m2\repository\software\amazon\awssdk\endpoints-spi\2.25.1\endpoints-spi-2.25.1.jar;C:\Users\ACER\.m2\repository\software\amazon\awssdk\apache-client\2.25.1\apache-client-2.25.1.jar;C:\Users\ACER\.m2\repository\org\apache\httpcomponents\httpclient\4.5.13\httpclient-4.5.13.jar;C:\Users\ACER\.m2\repository\commons-logging\commons-logging\1.2\commons-logging-1.2.jar;C:\Users\ACER\.m2\repository\org\apache\httpcomponents\httpcore\4.4.13\httpcore-4.4.13.jar;C:\Users\ACER\.m2\repository\commons-codec\commons-codec\1.15\commons-codec-1.15.jar;C:\Users\ACER\.m2\repository\software\amazon\awssdk\netty-nio-client\2.25.1\netty-nio-client-2.25.1.jar;C:\Users\ACER\.m2\repository\io\netty\netty-codec-http\4.1.107.Final\netty-codec-http-4.1.107.Final.jar;C:\Users\ACER\.m2\repository\io\netty\netty-codec-http2\4.1.107.Final\netty-codec-http2-4.1.107.Final.jar;C:\Users\ACER\.m2\repository\io\netty\netty-codec\4.1.107.Final\netty-codec-4.1.107.Final.jar;C:\Users\ACER\.m2\repository\io\netty\netty-transport\4.1.107.Final\netty-transport-4.1.107.Final.jar;C:\Users\ACER\.m2\repository\io\netty\netty-common\4.1.107.Final\netty-common-4.1.107.Final.jar;C:\Users\ACER\.m2\repository\io\netty\netty-buffer\4.1.107.Final\netty-buffer-4.1.107.Final.jar;C:\Users\ACER\.m2\repository\io\netty\netty-handler\4.1.107.Final\netty-handler-4.1.107.Final.jar;C:\Users\ACER\.m2\repository\io\netty\netty-transport-native-unix-common\4.1.107.Final\netty-transport-native-unix-common-4.1.107.Final.jar;C:\Users\ACER\.m2\repository\io\netty\netty-transport-classes-epoll\4.1.107.Final\netty-transport-classes-epoll-4.1.107.Final.jar;C:\Users\ACER\.m2\repository\io\netty\netty-resolver\4.1.107.Final\netty-resolver-4.1.107.Final.jar;C:\Users\ACER\.m2\repository\software\amazon\eventstream\eventstream\1.0.1\eventstream-1.0.1.jar;C:\Users\ACER\.m2\repository\software\amazon\awssdk\aws-json-protocol\2.25.1\aws-json-protocol-2.25.1.jar;C:\Users\ACER\.m2\repository\com\google\guava\failureaccess\1.0.1\failureaccess-1.0.1.jar;C:\Users\ACER\.m2\repository\com\google\guava\listenablefuture\9999.0-empty-to-avoid-conflict-with-guava\listenablefuture-9999.0-empty-to-avoid-conflict-with-guava.jar;C:\Users\ACER\.m2\repository\com\google\code\findbugs\jsr305\3.0.2\jsr305-3.0.2.jar;C:\Users\ACER\.m2\repository\org\checkerframework\checker-compat-qual\2.5.5\checker-compat-qual-2.5.5.jar;C:\Users\ACER\.m2\repository\com\google\errorprone\error_prone_annotations\2.5.1\error_prone_annotations-2.5.1.jar;C:\Users\ACER\.m2\repository\com\google\j2objc\j2objc-annotations\1.3\j2objc-annotations-1.3.jar;C:\Users\ACER\.m2\repository\org\junit\jupiter\junit-jupiter\5.10.2\junit-jupiter-5.10.2.jar;C:\Users\ACER\.m2\repository\org\junit\jupiter\junit-jupiter-api\5.10.2\junit-jupiter-api-5.10.2.jar;C:\Users\ACER\.m2\repository\org\opentest4j\opentest4j\1.3.0\opentest4j-1.3.0.jar;C:\Users\ACER\.m2\repository\org\junit\platform\junit-platform-commons\1.10.2\junit-platform-commons-1.10.2.jar;C:\Users\ACER\.m2\repository\org\apiguardian\apiguardian-api\1.1.2\apiguardian-api-1.1.2.jar;C:\Users\ACER\.m2\repository\org\junit\jupiter\junit-jupiter-params\5.10.2\junit-jupiter-params-5.10.2.jar;C:\Users\ACER\.m2\repository\org\junit\jupiter\junit-jupiter-engine\5.10.2\junit-jupiter-engine-5.10.2.jar;C:\Users\ACER\.m2\repository\org\junit\platform\junit-platform-engine\1.10.2\junit-platform-engine-1.10.2.jar;C:\Users\ACER\.m2\repository\org\mockito\mockito-junit-jupiter\5.11.0\mockito-junit-jupiter-5.11.0.jar;C:\Users\ACER\.m2\repository\org\mockito\mockito-core\5.11.0\mockito-core-5.11.0.jar;C:\Users\ACER\.m2\repository\net\bytebuddy\byte-buddy\1.14.12\byte-buddy-1.14.12.jar;C:\Users\ACER\.m2\repository\net\bytebuddy\byte-buddy-agent\1.14.12\byte-buddy-agent-1.14.12.jar;C:\Users\ACER\.m2\repository\org\objenesis\objenesis\3.3\objenesis-3.3.jar;"/>
    <property name="java.vm.vendor" value="Oracle Corporation"/>
    <property name="sun.arch.data.model" value="64"/>
    <property name="user.variant" value=""/>
    <property name="java.vendor.url" value="https://java.oracle.com/"/>
    <property name="user.timezone" value="Asia/Saigon"/>
    <property name="os.name" value="Windows 11"/>
    <property name="java.vm.specification.version" value="17"/>
    <property name="sun.java.launcher" value="SUN_STANDARD"/>
    <property name="user.country" value="US"/>
    <property name="sun.boot.library.path" value="D:\udacity\jdk-17_windows-x64_bin\jdk-17.0.10\bin"/>
    <property name="sun.java.command" value="org.apache.maven.surefire.booter.ForkedBooter C:\Users\ACER\AppData\Local\Temp\surefire7966232731348491832 2024-04-21T08-26-00_339-jvmRun1 surefire-20240421082601752_1tmp surefire_0-20240421082601752_2tmp"/>
    <property name="jdk.debug" value="release"/>
    <property name="surefire.test.class.path" value="D:\udacity\cd0384-java-application-deployment-projectstarter-master\starter_ok\catpoint-parent\security\target\test-classes;C:\Users\ACER\.m2\repository\com\miglayout\miglayout-core\5.0\miglayout-core-5.0.jar;C:\Users\ACER\.m2\repository\software\amazon\awssdk\s3\2.25.1\s3-2.25.1.jar;C:\Users\ACER\.m2\repository\software\amazon\awssdk\aws-xml-protocol\2.25.1\aws-xml-protocol-2.25.1.jar;C:\Users\ACER\.m2\repository\software\amazon\awssdk\aws-query-protocol\2.25.1\aws-query-protocol-2.25.1.jar;C:\Users\ACER\.m2\repository\software\amazon\awssdk\protocol-core\2.25.1\protocol-core-2.25.1.jar;C:\Users\ACER\.m2\repository\software\amazon\awssdk\arns\2.25.1\arns-2.25.1.jar;C:\Users\ACER\.m2\repository\software\amazon\awssdk\profiles\2.25.1\profiles-2.25.1.jar;C:\Users\ACER\.m2\repository\software\amazon\awssdk\crt-core\2.25.1\crt-core-2.25.1.jar;C:\Users\ACER\.m2\repository\software\amazon\awssdk\http-auth\2.25.1\http-auth-2.25.1.jar;C:\Users\ACER\.m2\repository\software\amazon\awssdk\identity-spi\2.25.1\identity-spi-2.25.1.jar;C:\Users\ACER\.m2\repository\software\amazon\awssdk\http-auth-spi\2.25.1\http-auth-spi-2.25.1.jar;C:\Users\ACER\.m2\repository\org\reactivestreams\reactive-streams\1.0.4\reactive-streams-1.0.4.jar;C:\Users\ACER\.m2\repository\software\amazon\awssdk\http-auth-aws\2.25.1\http-auth-aws-2.25.1.jar;C:\Users\ACER\.m2\repository\software\amazon\awssdk\checksums\2.25.1\checksums-2.25.1.jar;C:\Users\ACER\.m2\repository\software\amazon\awssdk\checksums-spi\2.25.1\checksums-spi-2.25.1.jar;C:\Users\ACER\.m2\repository\software\amazon\awssdk\http-client-spi\2.25.1\http-client-spi-2.25.1.jar;C:\Users\ACER\.m2\repository\software\amazon\awssdk\annotations\2.25.1\annotations-2.25.1.jar;C:\Users\ACER\.m2\repository\software\amazon\awssdk\utils\2.25.1\utils-2.25.1.jar;C:\Users\ACER\.m2\repository\software\amazon\awssdk\aws-core\2.25.1\aws-core-2.25.1.jar;C:\Users\ACER\.m2\repository\software\amazon\awssdk\metrics-spi\2.25.1\metrics-spi-2.25.1.jar;C:\Users\ACER\.m2\repository\software\amazon\awssdk\json-utils\2.25.1\json-utils-2.25.1.jar;C:\Users\ACER\.m2\repository\software\amazon\awssdk\third-party-jackson-core\2.25.1\third-party-jackson-core-2.25.1.jar;C:\Users\ACER\.m2\repository\software\amazon\awssdk\endpoints-spi\2.25.1\endpoints-spi-2.25.1.jar;C:\Users\ACER\.m2\repository\software\amazon\awssdk\apache-client\2.25.1\apache-client-2.25.1.jar;C:\Users\ACER\.m2\repository\org\apache\httpcomponents\httpclient\4.5.13\httpclient-4.5.13.jar;C:\Users\ACER\.m2\repository\commons-logging\commons-logging\1.2\commons-logging-1.2.jar;C:\Users\ACER\.m2\repository\org\apache\httpcomponents\httpcore\4.4.13\httpcore-4.4.13.jar;C:\Users\ACER\.m2\repository\commons-codec\commons-codec\1.15\commons-codec-1.15.jar;C:\Users\ACER\.m2\repository\software\amazon\awssdk\netty-nio-client\2.25.1\netty-nio-client-2.25.1.jar;C:\Users\ACER\.m2\repository\io\netty\netty-codec-http\4.1.107.Final\netty-codec-http-4.1.107.Final.jar;C:\Users\ACER\.m2\repository\io\netty\netty-codec-http2\4.1.107.Final\netty-codec-http2-4.1.107.Final.jar;C:\Users\ACER\.m2\repository\io\netty\netty-codec\4.1.107.Final\netty-codec-4.1.107.Final.jar;C:\Users\ACER\.m2\repository\io\netty\netty-transport\4.1.107.Final\netty-transport-4.1.107.Final.jar;C:\Users\ACER\.m2\repository\io\netty\netty-common\4.1.107.Final\netty-common-4.1.107.Final.jar;C:\Users\ACER\.m2\repository\io\netty\netty-buffer\4.1.107.Final\netty-buffer-4.1.107.Final.jar;C:\Users\ACER\.m2\repository\io\netty\netty-handler\4.1.107.Final\netty-handler-4.1.107.Final.jar;C:\Users\ACER\.m2\repository\io\netty\netty-transport-native-unix-common\4.1.107.Final\netty-transport-native-unix-common-4.1.107.Final.jar;C:\Users\ACER\.m2\repository\io\netty\netty-transport-classes-epoll\4.1.107.Final\netty-transport-classes-epoll-4.1.107.Final.jar;C:\Users\ACER\.m2\repository\io\netty\netty-resolver\4.1.107.Final\netty-resolver-4.1.107.Final.jar;C:\Users\ACER\.m2\repository\software\amazon\eventstream\eventstream\1.0.1\eventstream-1.0.1.jar;C:\Users\ACER\.m2\repository\software\amazon\awssdk\aws-json-protocol\2.25.1\aws-json-protocol-2.25.1.jar;C:\Users\ACER\.m2\repository\com\google\guava\failureaccess\1.0.1\failureaccess-1.0.1.jar;C:\Users\ACER\.m2\repository\com\google\guava\listenablefuture\9999.0-empty-to-avoid-conflict-with-guava\listenablefuture-9999.0-empty-to-avoid-conflict-with-guava.jar;C:\Users\ACER\.m2\repository\com\google\code\findbugs\jsr305\3.0.2\jsr305-3.0.2.jar;C:\Users\ACER\.m2\repository\org\checkerframework\checker-compat-qual\2.5.5\checker-compat-qual-2.5.5.jar;C:\Users\ACER\.m2\repository\com\google\errorprone\error_prone_annotations\2.5.1\error_prone_annotations-2.5.1.jar;C:\Users\ACER\.m2\repository\com\google\j2objc\j2objc-annotations\1.3\j2objc-annotations-1.3.jar;C:\Users\ACER\.m2\repository\org\junit\jupiter\junit-jupiter\5.10.2\junit-jupiter-5.10.2.jar;C:\Users\ACER\.m2\repository\org\junit\jupiter\junit-jupiter-api\5.10.2\junit-jupiter-api-5.10.2.jar;C:\Users\ACER\.m2\repository\org\opentest4j\opentest4j\1.3.0\opentest4j-1.3.0.jar;C:\Users\ACER\.m2\repository\org\junit\platform\junit-platform-commons\1.10.2\junit-platform-commons-1.10.2.jar;C:\Users\ACER\.m2\repository\org\apiguardian\apiguardian-api\1.1.2\apiguardian-api-1.1.2.jar;C:\Users\ACER\.m2\repository\org\junit\jupiter\junit-jupiter-params\5.10.2\junit-jupiter-params-5.10.2.jar;C:\Users\ACER\.m2\repository\org\junit\jupiter\junit-jupiter-engine\5.10.2\junit-jupiter-engine-5.10.2.jar;C:\Users\ACER\.m2\repository\org\junit\platform\junit-platform-engine\1.10.2\junit-platform-engine-1.10.2.jar;C:\Users\ACER\.m2\repository\org\mockito\mockito-junit-jupiter\5.11.0\mockito-junit-jupiter-5.11.0.jar;C:\Users\ACER\.m2\repository\org\mockito\mockito-core\5.11.0\mockito-core-5.11.0.jar;C:\Users\ACER\.m2\repository\net\bytebuddy\byte-buddy\1.14.12\byte-buddy-1.14.12.jar;C:\Users\ACER\.m2\repository\net\bytebuddy\byte-buddy-agent\1.14.12\byte-buddy-agent-1.14.12.jar;C:\Users\ACER\.m2\repository\org\objenesis\objenesis\3.3\objenesis-3.3.jar;"/>
    <property name="sun.cpu.endian" value="little"/>
    <property name="user.home" value="C:\Users\ACER"/>
    <property name="user.language" value="en"/>
    <property name="java.specification.vendor" value="Oracle Corporation"/>
    <property name="jdk.module.path" value="D:\udacity\cd0384-java-application-deployment-projectstarter-master\starter_ok\catpoint-parent\security\target\classes;D:\udacity\cd0384-java-application-deployment-projectstarter-master\starter_ok\catpoint-parent\image\target\image-1.0-SNAPSHOT.jar;C:\Users\ACER\.m2\repository\com\google\code\gson\gson\2.9.0\gson-2.9.0.jar;C:\Users\ACER\.m2\repository\com\miglayout\miglayout-swing\5.0\miglayout-swing-5.0.jar;C:\Users\ACER\.m2\repository\org\slf4j\slf4j-api\2.0.1\slf4j-api-2.0.1.jar;C:\Users\ACER\.m2\repository\software\amazon\awssdk\sdk-core\2.25.1\sdk-core-2.25.1.jar;C:\Users\ACER\.m2\repository\software\amazon\awssdk\regions\2.25.1\regions-2.25.1.jar;C:\Users\ACER\.m2\repository\software\amazon\awssdk\auth\2.25.1\auth-2.25.1.jar;C:\Users\ACER\.m2\repository\software\amazon\awssdk\rekognition\2.25.1\rekognition-2.25.1.jar;C:\Users\ACER\.m2\repository\com\google\guava\guava\30.1.1-android\guava-30.1.1-android.jar"/>
    <property name="java.version.date" value="2024-01-16"/>
    <property name="java.home" value="D:\udacity\jdk-17_windows-x64_bin\jdk-17.0.10"/>
    <property name="file.separator" value="\"/>
    <property name="basedir" value="D:\udacity\cd0384-java-application-deployment-projectstarter-master\starter_ok\catpoint-parent\security"/>
    <property name="java.vm.compressedOopsMode" value="32-bit"/>
    <property name="line.separator" value="&#10;"/>
    <property name="java.vm.specification.vendor" value="Oracle Corporation"/>
    <property name="java.specification.name" value="Java Platform API Specification"/>
    <property name="surefire.real.class.path" value="C:\Users\ACER\.m2\repository\org\apache\maven\surefire\surefire-booter\3.2.5\surefire-booter-3.2.5.jar;C:\Users\ACER\.m2\repository\org\apache\maven\surefire\surefire-api\3.2.5\surefire-api-3.2.5.jar;C:\Users\ACER\.m2\repository\org\apache\maven\surefire\surefire-logger-api\3.2.5\surefire-logger-api-3.2.5.jar;C:\Users\ACER\.m2\repository\org\apache\maven\surefire\surefire-shared-utils\3.2.5\surefire-shared-utils-3.2.5.jar;C:\Users\ACER\.m2\repository\org\apache\maven\surefire\surefire-extensions-spi\3.2.5\surefire-extensions-spi-3.2.5.jar;D:\udacity\cd0384-java-application-deployment-projectstarter-master\starter_ok\catpoint-parent\security\target\test-classes;C:\Users\ACER\.m2\repository\com\miglayout\miglayout-core\5.0\miglayout-core-5.0.jar;C:\Users\ACER\.m2\repository\software\amazon\awssdk\s3\2.25.1\s3-2.25.1.jar;C:\Users\ACER\.m2\repository\software\amazon\awssdk\aws-xml-protocol\2.25.1\aws-xml-protocol-2.25.1.jar;C:\Users\ACER\.m2\repository\software\amazon\awssdk\aws-query-protocol\2.25.1\aws-query-protocol-2.25.1.jar;C:\Users\ACER\.m2\repository\software\amazon\awssdk\protocol-core\2.25.1\protocol-core-2.25.1.jar;C:\Users\ACER\.m2\repository\software\amazon\awssdk\arns\2.25.1\arns-2.25.1.jar;C:\Users\ACER\.m2\repository\software\amazon\awssdk\profiles\2.25.1\profiles-2.25.1.jar;C:\Users\ACER\.m2\repository\software\amazon\awssdk\crt-core\2.25.1\crt-core-2.25.1.jar;C:\Users\ACER\.m2\repository\software\amazon\awssdk\http-auth\2.25.1\http-auth-2.25.1.jar;C:\Users\ACER\.m2\repository\software\amazon\awssdk\identity-spi\2.25.1\identity-spi-2.25.1.jar;C:\Users\ACER\.m2\repository\software\amazon\awssdk\http-auth-spi\2.25.1\http-auth-spi-2.25.1.jar;C:\Users\ACER\.m2\repository\org\reactivestreams\reactive-streams\1.0.4\reactive-streams-1.0.4.jar;C:\Users\ACER\.m2\repository\software\amazon\awssdk\http-auth-aws\2.25.1\http-auth-aws-2.25.1.jar;C:\Users\ACER\.m2\repository\software\amazon\awssdk\checksums\2.25.1\checksums-2.25.1.jar;C:\Users\ACER\.m2\repository\software\amazon\awssdk\checksums-spi\2.25.1\checksums-spi-2.25.1.jar;C:\Users\ACER\.m2\repository\software\amazon\awssdk\http-client-spi\2.25.1\http-client-spi-2.25.1.jar;C:\Users\ACER\.m2\repository\software\amazon\awssdk\annotations\2.25.1\annotations-2.25.1.jar;C:\Users\ACER\.m2\repository\software\amazon\awssdk\utils\2.25.1\utils-2.25.1.jar;C:\Users\ACER\.m2\repository\software\amazon\awssdk\aws-core\2.25.1\aws-core-2.25.1.jar;C:\Users\ACER\.m2\repository\software\amazon\awssdk\metrics-spi\2.25.1\metrics-spi-2.25.1.jar;C:\Users\ACER\.m2\repository\software\amazon\awssdk\json-utils\2.25.1\json-utils-2.25.1.jar;C:\Users\ACER\.m2\repository\software\amazon\awssdk\third-party-jackson-core\2.25.1\third-party-jackson-core-2.25.1.jar;C:\Users\ACER\.m2\repository\software\amazon\awssdk\endpoints-spi\2.25.1\endpoints-spi-2.25.1.jar;C:\Users\ACER\.m2\repository\software\amazon\awssdk\apache-client\2.25.1\apache-client-2.25.1.jar;C:\Users\ACER\.m2\repository\org\apache\httpcomponents\httpclient\4.5.13\httpclient-4.5.13.jar;C:\Users\ACER\.m2\repository\commons-logging\commons-logging\1.2\commons-logging-1.2.jar;C:\Users\ACER\.m2\repository\org\apache\httpcomponents\httpcore\4.4.13\httpcore-4.4.13.jar;C:\Users\ACER\.m2\repository\commons-codec\commons-codec\1.15\commons-codec-1.15.jar;C:\Users\ACER\.m2\repository\software\amazon\awssdk\netty-nio-client\2.25.1\netty-nio-client-2.25.1.jar;C:\Users\ACER\.m2\repository\io\netty\netty-codec-http\4.1.107.Final\netty-codec-http-4.1.107.Final.jar;C:\Users\ACER\.m2\repository\io\netty\netty-codec-http2\4.1.107.Final\netty-codec-http2-4.1.107.Final.jar;C:\Users\ACER\.m2\repository\io\netty\netty-codec\4.1.107.Final\netty-codec-4.1.107.Final.jar;C:\Users\ACER\.m2\repository\io\netty\netty-transport\4.1.107.Final\netty-transport-4.1.107.Final.jar;C:\Users\ACER\.m2\repository\io\netty\netty-common\4.1.107.Final\netty-common-4.1.107.Final.jar;C:\Users\ACER\.m2\repository\io\netty\netty-buffer\4.1.107.Final\netty-buffer-4.1.107.Final.jar;C:\Users\ACER\.m2\repository\io\netty\netty-handler\4.1.107.Final\netty-handler-4.1.107.Final.jar;C:\Users\ACER\.m2\repository\io\netty\netty-transport-native-unix-common\4.1.107.Final\netty-transport-native-unix-common-4.1.107.Final.jar;C:\Users\ACER\.m2\repository\io\netty\netty-transport-classes-epoll\4.1.107.Final\netty-transport-classes-epoll-4.1.107.Final.jar;C:\Users\ACER\.m2\repository\io\netty\netty-resolver\4.1.107.Final\netty-resolver-4.1.107.Final.jar;C:\Users\ACER\.m2\repository\software\amazon\eventstream\eventstream\1.0.1\eventstream-1.0.1.jar;C:\Users\ACER\.m2\repository\software\amazon\awssdk\aws-json-protocol\2.25.1\aws-json-protocol-2.25.1.jar;C:\Users\ACER\.m2\repository\com\google\guava\failureaccess\1.0.1\failureaccess-1.0.1.jar;C:\Users\ACER\.m2\repository\com\google\guava\listenablefuture\9999.0-empty-to-avoid-conflict-with-guava\listenablefuture-9999.0-empty-to-avoid-conflict-with-guava.jar;C:\Users\ACER\.m2\repository\com\google\code\findbugs\jsr305\3.0.2\jsr305-3.0.2.jar;C:\Users\ACER\.m2\repository\org\checkerframework\checker-compat-qual\2.5.5\checker-compat-qual-2.5.5.jar;C:\Users\ACER\.m2\repository\com\google\errorprone\error_prone_annotations\2.5.1\error_prone_annotations-2.5.1.jar;C:\Users\ACER\.m2\repository\com\google\j2objc\j2objc-annotations\1.3\j2objc-annotations-1.3.jar;C:\Users\ACER\.m2\repository\org\junit\jupiter\junit-jupiter\5.10.2\junit-jupiter-5.10.2.jar;C:\Users\ACER\.m2\repository\org\junit\jupiter\junit-jupiter-api\5.10.2\junit-jupiter-api-5.10.2.jar;C:\Users\ACER\.m2\repository\org\opentest4j\opentest4j\1.3.0\opentest4j-1.3.0.jar;C:\Users\ACER\.m2\repository\org\junit\platform\junit-platform-commons\1.10.2\junit-platform-commons-1.10.2.jar;C:\Users\ACER\.m2\repository\org\apiguardian\apiguardian-api\1.1.2\apiguardian-api-1.1.2.jar;C:\Users\ACER\.m2\repository\org\junit\jupiter\junit-jupiter-params\5.10.2\junit-jupiter-params-5.10.2.jar;C:\Users\ACER\.m2\repository\org\junit\jupiter\junit-jupiter-engine\5.10.2\junit-jupiter-engine-5.10.2.jar;C:\Users\ACER\.m2\repository\org\junit\platform\junit-platform-engine\1.10.2\junit-platform-engine-1.10.2.jar;C:\Users\ACER\.m2\repository\org\mockito\mockito-junit-jupiter\5.11.0\mockito-junit-jupiter-5.11.0.jar;C:\Users\ACER\.m2\repository\org\mockito\mockito-core\5.11.0\mockito-core-5.11.0.jar;C:\Users\ACER\.m2\repository\net\bytebuddy\byte-buddy\1.14.12\byte-buddy-1.14.12.jar;C:\Users\ACER\.m2\repository\net\bytebuddy\byte-buddy-agent\1.14.12\byte-buddy-agent-1.14.12.jar;C:\Users\ACER\.m2\repository\org\objenesis\objenesis\3.3\objenesis-3.3.jar;C:\Users\ACER\.m2\repository\org\apache\maven\surefire\surefire-junit-platform\3.2.5\surefire-junit-platform-3.2.5.jar;C:\Users\ACER\.m2\repository\org\apache\maven\surefire\common-java5\3.2.5\common-java5-3.2.5.jar;C:\Users\ACER\.m2\repository\org\junit\platform\junit-platform-launcher\1.10.2\junit-platform-launcher-1.10.2.jar"/>
    <property name="user.script" value=""/>
    <property name="sun.management.compiler" value="HotSpot 64-Bit Tiered Compilers"/>
    <property name="java.runtime.version" value="17.0.10+11-LTS-240"/>
    <property name="user.name" value="ACER"/>
    <property name="path.separator" value=";"/>
    <property name="os.version" value="10.0"/>
    <property name="java.runtime.name" value="Java(TM) SE Runtime Environment"/>
    <property name="file.encoding" value="Cp1252"/>
    <property name="java.vm.name" value="Java HotSpot(TM) 64-Bit Server VM"/>
    <property name="localRepository" value="C:\Users\ACER\.m2\repository"/>
    <property name="java.vendor.url.bug" value="https://bugreport.java.com/bugreport/"/>
    <property name="java.io.tmpdir" value="C:\Users\ACER\AppData\Local\Temp\"/>
    <property name="java.version" value="17.0.10"/>
    <property name="user.dir" value="D:\udacity\cd0384-java-application-deployment-projectstarter-master\starter_ok\catpoint-parent\security"/>
    <property name="os.arch" value="amd64"/>
    <property name="java.vm.specification.name" value="Java Virtual Machine Specification"/>
    <property name="sun.os.patch.level" value=""/>
    <property name="native.encoding" value="Cp1252"/>
    <property name="java.library.path" value="D:\udacity\jdk-17_windows-x64_bin\jdk-17.0.10\bin;C:\WINDOWS\Sun\Java\bin;C:\WINDOWS\system32;C:\WINDOWS;C:\Program Files (x86)\Common Files\Intel\Shared Libraries\redist\intel64\compiler;C:\Windows\system32;C:\Windows;C:\Windows\System32\Wbem;C:\Windows\System32\WindowsPowerShell\v1.0\;C:\Windows\System32\OpenSSH\;C:\Program Files (x86)\NVIDIA Corporation\PhysX\Common;C:\Program Files\NVIDIA Corporation\NVIDIA NvDLISR;C:\WINDOWS\system32;C:\WINDOWS;C:\WINDOWS\System32\Wbem;C:\WINDOWS\System32\WindowsPowerShell\v1.0\;C:\WINDOWS\System32\OpenSSH\;C:\Program Files\dotnet\;D:\udacity\jdk-17_windows-x64_bin\jdk-17.0.10\bin;C:\Program Files\Git\cmd;C:\apache-maven-3.9.6-bin\apache-maven-3.9.6\bin;C:\Users\ACER\AppData\Local\Microsoft\WindowsApps;C:\Program Files\JetBrains\IntelliJ IDEA 2021.1.3\bin;;C:\Users\ACER\AppData\Local\GitHubDesktop\bin;."/>
    <property name="java.vm.info" value="mixed mode"/>
    <property name="java.vendor" value="Oracle Corporation"/>
    <property name="java.vm.version" value="17.0.10+11-LTS-240"/>
    <property name="sun.io.unicode.encoding" value="UnicodeLittle"/>
    <property name="java.class.version" value="61.0"/>
  </properties>
  <testcase name="ifSensorDeactivatedWhileInactive_noChangesToAlarmState(AlarmStatus)[1]" classname="com.udacity.catpoint.security.SecurityServiceTest" time="0.855"/>
  <testcase name="ifSensorDeactivatedWhileInactive_noChangesToAlarmState(AlarmStatus)[2]" classname="com.udacity.catpoint.security.SecurityServiceTest" time="0.005"/>
  <testcase name="ifSensorDeactivatedWhileInactive_noChangesToAlarmState(AlarmStatus)[3]" classname="com.udacity.catpoint.security.SecurityServiceTest" time="0.003"/>
  <testcase name="ifPendingAlarmAndSensorInactive_returnNoAlarmState" classname="com.udacity.catpoint.security.SecurityServiceTest" time="0.008"/>
  <testcase name="ifImageServiceIdentifiesNoCatImage_changeStatusToNoAlarmAsLongSensorsNotActive" classname="com.udacity.catpoint.security.SecurityServiceTest" time="0.097"/>
  <testcase name="ifSystemArmed_resetSensorsToInactive(ArmingStatus)[1]" classname="com.udacity.catpoint.security.SecurityServiceTest" time="0.012"/>
  <testcase name="ifSystemArmed_resetSensorsToInactive(ArmingStatus)[2]" classname="com.udacity.catpoint.security.SecurityServiceTest" time="0.006"/>
  <testcase name="ifSystemDisarmed_setNoAlarmState" classname="com.udacity.catpoint.security.SecurityServiceTest" time="0.003"/>
  <testcase name="addAndRemoveSensor" classname="com.udacity.catpoint.security.SecurityServiceTest" time="0.003"/>
  <testcase name="ifSystemArmedAndSensorActivated_changeStatusToPending" classname="com.udacity.catpoint.security.SecurityServiceTest" time="0.004"/>
  <testcase name="ifAlarmIsActive_changeSensorShouldNotAffectAlarmState(boolean)[1]" classname="com.udacity.catpoint.security.SecurityServiceTest" time="0.004"/>
  <testcase name="ifAlarmIsActive_changeSensorShouldNotAffectAlarmState(boolean)[2]" classname="com.udacity.catpoint.security.SecurityServiceTest" time="0.003"/>
  <testcase name="addAndRemoveStatusListener" classname="com.udacity.catpoint.security.SecurityServiceTest" time="0.002"/>
  <testcase name="ifSystemArmedAndSensorActivatedAndPendingState_changeStatusToAlarm" classname="com.udacity.catpoint.security.SecurityServiceTest" time="0.003"/>
  <testcase name="ifSystemDisarmedAndSensorActivated_noChangesToArmingState(AlarmStatus)[1]" classname="com.udacity.catpoint.security.SecurityServiceTest" time="0.003"/>
  <testcase name="ifSystemDisarmedAndSensorActivated_noChangesToArmingState(AlarmStatus)[2]" classname="com.udacity.catpoint.security.SecurityServiceTest" time="0.003"/>
  <testcase name="ifSensorActivatedWhileActiveAndPendingAlarm_changeStatusToAlarm" classname="com.udacity.catpoint.security.SecurityServiceTest" time="0.004"/>
  <testcase name="ifAlarmStateAndSystemDisarmed_changeStatusToPending" classname="com.udacity.catpoint.security.SecurityServiceTest" time="0.002"/>
  <testcase name="ifImageServiceIdentifiesCatWhileAlarmArmedHome_changeStatusToAlarm" classname="com.udacity.catpoint.security.SecurityServiceTest" time="0.01"/>
  <testcase name="ifSystemArmedHomeWhileImageServiceIdentifiesCat_changeStatusToAlarm" classname="com.udacity.catpoint.security.SecurityServiceTest" time="0.002"/>
</testsuite>